app/build/intermediates/manifest_merge_blame_file/debug/processDebugMainManifest/manifest-merger-blame-debug-report.txt
1<?xml version="1.0" encoding="utf-8"?>
2<manifest xmlns:android="http://schemas.android.com/apk/res/android"
3    package="com.standbyus.app"
4    android:versionCode="1"
5    android:versionName="1.0.0" >
6
7    <uses-sdk
8        android:minSdkVersion="31"
9        android:targetSdkVersion="35" />
10
11    <uses-permission android:name="android.permission.INTERNET" />
11-->src\main\AndroidManifest.xml:4:5-67
11-->src\main\AndroidManifest.xml:4:22-64
12    <uses-permission android:name="android.permission.POST_NOTIFICATIONS" />
12-->src\main\AndroidManifest.xml:5:5-77
12-->src\main\AndroidManifest.xml:5:22-74
13    <uses-permission android:name="android.permission.WAKE_LOCK" />
13-->[androidx.work:work-runtime:2.7.1] AndroidManifest.xml:25:5-68
13-->[androidx.work:work-runtime:2.7.1] AndroidManifest.xml:25:22-65
14    <uses-permission android:name="android.permission.ACCESS_NETWORK_STATE" />
14-->[androidx.work:work-runtime:2.7.1] AndroidManifest.xml:26:5-79
14-->[androidx.work:work-runtime:2.7.1] AndroidManifest.xml:26:22-76
15    <uses-permission android:name="android.permission.RECEIVE_BOOT_COMPLETED" />
15-->[androidx.work:work-runtime:2.7.1] AndroidManifest.xml:27:5-81
15-->[androidx.work:work-runtime:2.7.1] AndroidManifest.xml:27:22-78
16    <uses-permission android:name="android.permission.FOREGROUND_SERVICE" />
16-->[androidx.work:work-runtime:2.7.1] AndroidManifest.xml:28:5-77
16-->[androidx.work:work-runtime:2.7.1] AndroidManifest.xml:28:22-74
17
18    <permission
18-->[androidx.core:core:1.13.1] AndroidManifest.xml:22:5-24:47
19        android:name="com.standbyus.app.DYNAMIC_RECEIVER_NOT_EXPORTED_PERMISSION"
19-->[androidx.core:core:1.13.1] AndroidManifest.xml:23:9-81
20        android:protectionLevel="signature" />
20-->[androidx.core:core:1.13.1] AndroidManifest.xml:24:9-44
21
22    <uses-permission android:name="com.standbyus.app.DYNAMIC_RECEIVER_NOT_EXPORTED_PERMISSION" />
22-->[androidx.core:core:1.13.1] AndroidManifest.xml:26:5-97
22-->[androidx.core:core:1.13.1] AndroidManifest.xml:26:22-94
23
24    <application
24-->src\main\AndroidManifest.xml:7:5-39:19
25        android:name="com.standbyus.app.StandByApplication"
25-->src\main\AndroidManifest.xml:8:9-43
26        android:allowBackup="true"
26-->src\main\AndroidManifest.xml:9:9-35
27        android:appComponentFactory="androidx.core.app.CoreComponentFactory"
27-->[androidx.core:core:1.13.1] AndroidManifest.xml:28:18-86
28        android:debuggable="true"
29        android:extractNativeLibs="false"
30        android:icon="@mipmap/ic_launcher"
30-->src\main\AndroidManifest.xml:10:9-43
31        android:label="@string/app_name"
31-->src\main\AndroidManifest.xml:11:9-41
32        android:supportsRtl="true"
32-->src\main\AndroidManifest.xml:12:9-35
33        android:theme="@style/Theme.StandByUs" >
33-->src\main\AndroidManifest.xml:13:9-47
34        <activity
34-->src\main\AndroidManifest.xml:15:9-23:20
35            android:name="com.standbyus.app.MainActivity"
35-->src\main\AndroidManifest.xml:16:13-41
36            android:exported="true"
36-->src\main\AndroidManifest.xml:17:13-36
37            android:theme="@style/Theme.StandByUs" >
37-->src\main\AndroidManifest.xml:18:13-51
38            <intent-filter>
38-->src\main\AndroidManifest.xml:19:13-22:29
39                <action android:name="android.intent.action.MAIN" />
39-->src\main\AndroidManifest.xml:20:17-69
39-->src\main\AndroidManifest.xml:20:25-66
40
41                <category android:name="android.intent.category.LAUNCHER" />
41-->src\main\AndroidManifest.xml:21:17-77
41-->src\main\AndroidManifest.xml:21:27-74
42            </intent-filter>
43        </activity>
44
45        <receiver
45-->src\main\AndroidManifest.xml:25:9-34:20
46            android:name="com.standbyus.app.widget.StandByWidgetReceiver"
46-->src\main\AndroidManifest.xml:26:13-57
47            android:exported="true" >
47-->src\main\AndroidManifest.xml:27:13-36
48            <intent-filter>
48-->src\main\AndroidManifest.xml:28:13-30:29
49                <action android:name="android.appwidget.action.APPWIDGET_UPDATE" />
49-->src\main\AndroidManifest.xml:29:17-84
49-->src\main\AndroidManifest.xml:29:25-81
50            </intent-filter>
51
52            <meta-data
52-->src\main\AndroidManifest.xml:31:13-33:63
53                android:name="android.appwidget.provider"
53-->src\main\AndroidManifest.xml:32:17-58
54                android:resource="@xml/standby_widget_info" />
54-->src\main\AndroidManifest.xml:33:17-60
55        </receiver>
56        <receiver
56-->src\main\AndroidManifest.xml:36:9-38:40
57            android:name="androidx.glance.appwidget.action.ActionCallbackBroadcastReceiver"
57-->src\main\AndroidManifest.xml:37:13-92
58            android:enabled="true"
58-->[androidx.glance:glance-appwidget:1.1.1] AndroidManifest.xml:40:13-35
59            android:exported="false" />
59-->src\main\AndroidManifest.xml:38:13-37
60
61        <activity
61-->[androidx.glance:glance-appwidget:1.1.1] AndroidManifest.xml:23:9-28:62
62            android:name="androidx.glance.appwidget.action.ActionTrampolineActivity"
62-->[androidx.glance:glance-appwidget:1.1.1] AndroidManifest.xml:24:13-85
63            android:enabled="true"
63-->[androidx.glance:glance-appwidget:1.1.1] AndroidManifest.xml:25:13-35
64            android:excludeFromRecents="true"
64-->[androidx.glance:glance-appwidget:1.1.1] AndroidManifest.xml:26:13-46
65            android:exported="false"
65-->[androidx.glance:glance-appwidget:1.1.1] AndroidManifest.xml:27:13-37
66            android:theme="@android:style/Theme.NoDisplay" />
66-->[androidx.glance:glance-appwidget:1.1.1] AndroidManifest.xml:28:13-59
67        <activity
67-->[androidx.glance:glance-appwidget:1.1.1] AndroidManifest.xml:29:9-36:81
68            android:name="androidx.glance.appwidget.action.InvisibleActionTrampolineActivity"
68-->[androidx.glance:glance-appwidget:1.1.1] AndroidManifest.xml:30:13-94
69            android:enabled="true"
69-->[androidx.glance:glance-appwidget:1.1.1] AndroidManifest.xml:31:13-35
70            android:exported="false"
70-->[androidx.glance:glance-appwidget:1.1.1] AndroidManifest.xml:32:13-37
71            android:launchMode="singleInstance"
71-->[androidx.glance:glance-appwidget:1.1.1] AndroidManifest.xml:33:13-48
72            android:noHistory="true"
72-->[androidx.glance:glance-appwidget:1.1.1] AndroidManifest.xml:34:13-37
73            android:taskAffinity="androidx.glance.appwidget.ListAdapterCallbackTrampoline"
73-->[androidx.glance:glance-appwidget:1.1.1] AndroidManifest.xml:35:13-91
74            android:theme="@style/Widget.Glance.AppWidget.CallbackTrampoline" />
74-->[androidx.glance:glance-appwidget:1.1.1] AndroidManifest.xml:36:13-78
75
76        <receiver
76-->[androidx.glance:glance-appwidget:1.1.1] AndroidManifest.xml:42:9-45:40
77            android:name="androidx.glance.appwidget.UnmanagedSessionReceiver"
77-->[androidx.glance:glance-appwidget:1.1.1] AndroidManifest.xml:43:13-78
78            android:enabled="true"
78-->[androidx.glance:glance-appwidget:1.1.1] AndroidManifest.xml:44:13-35
79            android:exported="false" />
79-->[androidx.glance:glance-appwidget:1.1.1] AndroidManifest.xml:45:13-37
80        <receiver
80-->[androidx.glance:glance-appwidget:1.1.1] AndroidManifest.xml:46:9-53:20
81            android:name="androidx.glance.appwidget.MyPackageReplacedReceiver"
81-->[androidx.glance:glance-appwidget:1.1.1] AndroidManifest.xml:47:13-79
82            android:enabled="true"
82-->[androidx.glance:glance-appwidget:1.1.1] AndroidManifest.xml:48:13-35
83            android:exported="false" >
83-->[androidx.glance:glance-appwidget:1.1.1] AndroidManifest.xml:49:13-37
84            <intent-filter>
84-->[androidx.glance:glance-appwidget:1.1.1] AndroidManifest.xml:50:13-52:29
85                <action android:name="android.intent.action.MY_PACKAGE_REPLACED" />
85-->[androidx.glance:glance-appwidget:1.1.1] AndroidManifest.xml:51:17-84
85-->[androidx.glance:glance-appwidget:1.1.1] AndroidManifest.xml:51:25-81
86            </intent-filter>
87        </receiver>
88
89        <service
89-->[androidx.glance:glance-appwidget:1.1.1] AndroidManifest.xml:55:9-58:72
90            android:name="androidx.glance.appwidget.GlanceRemoteViewsService"
90-->[androidx.glance:glance-appwidget:1.1.1] AndroidManifest.xml:56:13-78
91            android:exported="true"
91-->[androidx.glance:glance-appwidget:1.1.1] AndroidManifest.xml:57:13-36
92            android:permission="android.permission.BIND_REMOTEVIEWS" />
92-->[androidx.glance:glance-appwidget:1.1.1] AndroidManifest.xml:58:13-69
93
94        <activity
94-->[androidx.compose.ui:ui-tooling-android:1.7.6] AndroidManifest.xml:23:9-25:39
95            android:name="androidx.compose.ui.tooling.PreviewActivity"
95-->[androidx.compose.ui:ui-tooling-android:1.7.6] AndroidManifest.xml:24:13-71
96            android:exported="true" />
96-->[androidx.compose.ui:ui-tooling-android:1.7.6] AndroidManifest.xml:25:13-36
97
98        <provider
98-->[androidx.work:work-runtime:2.7.1] AndroidManifest.xml:31:9-39:20
99            android:name="androidx.startup.InitializationProvider"
99-->[androidx.work:work-runtime:2.7.1] AndroidManifest.xml:32:13-67
100            android:authorities="com.standbyus.app.androidx-startup"
100-->[androidx.work:work-runtime:2.7.1] AndroidManifest.xml:33:13-68
101            android:exported="false" >
101-->[androidx.work:work-runtime:2.7.1] AndroidManifest.xml:34:13-37
102            <meta-data
102-->[androidx.work:work-runtime:2.7.1] AndroidManifest.xml:36:13-38:52
103                android:name="androidx.work.WorkManagerInitializer"
103-->[androidx.work:work-runtime:2.7.1] AndroidManifest.xml:37:17-68
104                android:value="androidx.startup" />
104-->[androidx.work:work-runtime:2.7.1] AndroidManifest.xml:38:17-49
105            <meta-data
105-->[androidx.emoji2:emoji2:1.3.0] AndroidManifest.xml:29:13-31:52
106                android:name="androidx.emoji2.text.EmojiCompatInitializer"
106-->[androidx.emoji2:emoji2:1.3.0] AndroidManifest.xml:30:17-75
107                android:value="androidx.startup" />
107-->[androidx.emoji2:emoji2:1.3.0] AndroidManifest.xml:31:17-49
108            <meta-data
108-->[androidx.lifecycle:lifecycle-process:2.8.7] AndroidManifest.xml:29:13-31:52
109                android:name="androidx.lifecycle.ProcessLifecycleInitializer"
109-->[androidx.lifecycle:lifecycle-process:2.8.7] AndroidManifest.xml:30:17-78
110                android:value="androidx.startup" />
110-->[androidx.lifecycle:lifecycle-process:2.8.7] AndroidManifest.xml:31:17-49
111            <meta-data
111-->[androidx.profileinstaller:profileinstaller:1.3.1] AndroidManifest.xml:29:13-31:52
112                android:name="androidx.profileinstaller.ProfileInstallerInitializer"
112-->[androidx.profileinstaller:profileinstaller:1.3.1] AndroidManifest.xml:30:17-85
113                android:value="androidx.startup" />
113-->[androidx.profileinstaller:profileinstaller:1.3.1] AndroidManifest.xml:31:17-49
114        </provider>
115
116        <service
116-->[androidx.work:work-runtime:2.7.1] AndroidManifest.xml:41:9-46:35
117            android:name="androidx.work.impl.background.systemalarm.SystemAlarmService"
117-->[androidx.work:work-runtime:2.7.1] AndroidManifest.xml:42:13-88
118            android:directBootAware="false"
118-->[androidx.work:work-runtime:2.7.1] AndroidManifest.xml:43:13-44
119            android:enabled="@bool/enable_system_alarm_service_default"
119-->[androidx.work:work-runtime:2.7.1] AndroidManifest.xml:44:13-72
120            android:exported="false" />
120-->[androidx.work:work-runtime:2.7.1] AndroidManifest.xml:45:13-37
121        <service
121-->[androidx.work:work-runtime:2.7.1] AndroidManifest.xml:47:9-53:35
122            android:name="androidx.work.impl.background.systemjob.SystemJobService"
122-->[androidx.work:work-runtime:2.7.1] AndroidManifest.xml:48:13-84
123            android:directBootAware="false"
123-->[androidx.work:work-runtime:2.7.1] AndroidManifest.xml:49:13-44
124            android:enabled="@bool/enable_system_job_service_default"
124-->[androidx.work:work-runtime:2.7.1] AndroidManifest.xml:50:13-70
125            android:exported="true"
125-->[androidx.work:work-runtime:2.7.1] AndroidManifest.xml:51:13-36
126            android:permission="android.permission.BIND_JOB_SERVICE" />
126-->[androidx.work:work-runtime:2.7.1] AndroidManifest.xml:52:13-69
127        <service
127-->[androidx.work:work-runtime:2.7.1] AndroidManifest.xml:54:9-59:35
128            android:name="androidx.work.impl.foreground.SystemForegroundService"
128-->[androidx.work:work-runtime:2.7.1] AndroidManifest.xml:55:13-81
129            android:directBootAware="false"
129-->[androidx.work:work-runtime:2.7.1] AndroidManifest.xml:56:13-44
130            android:enabled="@bool/enable_system_foreground_service_default"
130-->[androidx.work:work-runtime:2.7.1] AndroidManifest.xml:57:13-77
131            android:exported="false" />
131-->[androidx.work:work-runtime:2.7.1] AndroidManifest.xml:58:13-37
132
133        <receiver
133-->[androidx.work:work-runtime:2.7.1] AndroidManifest.xml:61:9-66:35
134            android:name="androidx.work.impl.utils.ForceStopRunnable$BroadcastReceiver"
134-->[androidx.work:work-runtime:2.7.1] AndroidManifest.xml:62:13-88
135            android:directBootAware="false"
135-->[androidx.work:work-runtime:2.7.1] AndroidManifest.xml:63:13-44
136            android:enabled="true"
136-->[androidx.work:work-runtime:2.7.1] AndroidManifest.xml:64:13-35
137            android:exported="false" />
137-->[androidx.work:work-runtime:2.7.1] AndroidManifest.xml:65:13-37
138        <receiver
138-->[androidx.work:work-runtime:2.7.1] AndroidManifest.xml:67:9-77:20
139            android:name="androidx.work.impl.background.systemalarm.ConstraintProxy$BatteryChargingProxy"
139-->[androidx.work:work-runtime:2.7.1] AndroidManifest.xml:68:13-106
140            android:directBootAware="false"
140-->[androidx.work:work-runtime:2.7.1] AndroidManifest.xml:69:13-44
141            android:enabled="false"
141-->[androidx.work:work-runtime:2.7.1] AndroidManifest.xml:70:13-36
142            android:exported="false" >
142-->[androidx.work:work-runtime:2.7.1] AndroidManifest.xml:71:13-37
143            <intent-filter>
143-->[androidx.work:work-runtime:2.7.1] AndroidManifest.xml:73:13-76:29
144                <action android:name="android.intent.action.ACTION_POWER_CONNECTED" />
144-->[androidx.work:work-runtime:2.7.1] AndroidManifest.xml:74:17-87
144-->[androidx.work:work-runtime:2.7.1] AndroidManifest.xml:74:25-84
145                <action android:name="android.intent.action.ACTION_POWER_DISCONNECTED" />
145-->[androidx.work:work-runtime:2.7.1] AndroidManifest.xml:75:17-90
145-->[androidx.work:work-runtime:2.7.1] AndroidManifest.xml:75:25-87
146            </intent-filter>
147        </receiver>
148        <receiver
148-->[androidx.work:work-runtime:2.7.1] AndroidManifest.xml:78:9-88:20
149            android:name="androidx.work.impl.background.systemalarm.ConstraintProxy$BatteryNotLowProxy"
149-->[androidx.work:work-runtime:2.7.1] AndroidManifest.xml:79:13-104
150            android:directBootAware="false"
150-->[androidx.work:work-runtime:2.7.1] AndroidManifest.xml:80:13-44
151            android:enabled="false"
151-->[androidx.work:work-runtime:2.7.1] AndroidManifest.xml:81:13-36
152            android:exported="false" >
152-->[androidx.work:work-runtime:2.7.1] AndroidManifest.xml:82:13-37
153            <intent-filter>
153-->[androidx.work:work-runtime:2.7.1] AndroidManifest.xml:84:13-87:29
154                <action android:name="android.intent.action.BATTERY_OKAY" />
154-->[androidx.work:work-runtime:2.7.1] AndroidManifest.xml:85:17-77
154-->[androidx.work:work-runtime:2.7.1] AndroidManifest.xml:85:25-74
155                <action android:name="android.intent.action.BATTERY_LOW" />
155-->[androidx.work:work-runtime:2.7.1] AndroidManifest.xml:86:17-76
155-->[androidx.work:work-runtime:2.7.1] AndroidManifest.xml:86:25-73
156            </intent-filter>
157        </receiver>
158        <receiver
158-->[androidx.work:work-runtime:2.7.1] AndroidManifest.xml:89:9-99:20
159            android:name="androidx.work.impl.background.systemalarm.ConstraintProxy$StorageNotLowProxy"
159-->[androidx.work:work-runtime:2.7.1] AndroidManifest.xml:90:13-104
160            android:directBootAware="false"
160-->[androidx.work:work-runtime:2.7.1] AndroidManifest.xml:91:13-44
161            android:enabled="false"
161-->[androidx.work:work-runtime:2.7.1] AndroidManifest.xml:92:13-36
162            android:exported="false" >
162-->[androidx.work:work-runtime:2.7.1] AndroidManifest.xml:93:13-37
163            <intent-filter>
163-->[androidx.work:work-runtime:2.7.1] AndroidManifest.xml:95:13-98:29
164                <action android:name="android.intent.action.DEVICE_STORAGE_LOW" />
164-->[androidx.work:work-runtime:2.7.1] AndroidManifest.xml:96:17-83
164-->[androidx.work:work-runtime:2.7.1] AndroidManifest.xml:96:25-80
165                <action android:name="android.intent.action.DEVICE_STORAGE_OK" />
165-->[androidx.work:work-runtime:2.7.1] AndroidManifest.xml:97:17-82
165-->[androidx.work:work-runtime:2.7.1] AndroidManifest.xml:97:25-79
166            </intent-filter>
167        </receiver>
168        <receiver
168-->[androidx.work:work-runtime:2.7.1] AndroidManifest.xml:100:9-109:20
169            android:name="androidx.work.impl.background.systemalarm.ConstraintProxy$NetworkStateProxy"
169-->[androidx.work:work-runtime:2.7.1] AndroidManifest.xml:101:13-103
170            android:directBootAware="false"
170-->[androidx.work:work-runtime:2.7.1] AndroidManifest.xml:102:13-44
171            android:enabled="false"
171-->[androidx.work:work-runtime:2.7.1] AndroidManifest.xml:103:13-36
172            android:exported="false" >
172-->[androidx.work:work-runtime:2.7.1] AndroidManifest.xml:104:13-37
173            <intent-filter>
173-->[androidx.work:work-runtime:2.7.1] AndroidManifest.xml:106:13-108:29
174                <action android:name="android.net.conn.CONNECTIVITY_CHANGE" />
174-->[androidx.work:work-runtime:2.7.1] AndroidManifest.xml:107:17-79
174-->[androidx.work:work-runtime:2.7.1] AndroidManifest.xml:107:25-76
175            </intent-filter>
176        </receiver>
177        <receiver
177-->[androidx.work:work-runtime:2.7.1] AndroidManifest.xml:110:9-121:20
178            android:name="androidx.work.impl.background.systemalarm.RescheduleReceiver"
178-->[androidx.work:work-runtime:2.7.1] AndroidManifest.xml:111:13-88
179            android:directBootAware="false"
179-->[androidx.work:work-runtime:2.7.1] AndroidManifest.xml:112:13-44
180            android:enabled="false"
180-->[androidx.work:work-runtime:2.7.1] AndroidManifest.xml:113:13-36
181            android:exported="false" >
181-->[androidx.work:work-runtime:2.7.1] AndroidManifest.xml:114:13-37
182            <intent-filter>
182-->[androidx.work:work-runtime:2.7.1] AndroidManifest.xml:116:13-120:29
183                <action android:name="android.intent.action.BOOT_COMPLETED" />
183-->[androidx.work:work-runtime:2.7.1] AndroidManifest.xml:117:17-79
183-->[androidx.work:work-runtime:2.7.1] AndroidManifest.xml:117:25-76
184                <action android:name="android.intent.action.TIME_SET" />
184-->[androidx.work:work-runtime:2.7.1] AndroidManifest.xml:118:17-73
184-->[androidx.work:work-runtime:2.7.1] AndroidManifest.xml:118:25-70
185                <action android:name="android.intent.action.TIMEZONE_CHANGED" />
185-->[androidx.work:work-runtime:2.7.1] AndroidManifest.xml:119:17-81
185-->[androidx.work:work-runtime:2.7.1] AndroidManifest.xml:119:25-78
186            </intent-filter>
187        </receiver>
188        <receiver
188-->[androidx.work:work-runtime:2.7.1] AndroidManifest.xml:122:9-131:20
189            android:name="androidx.work.impl.background.systemalarm.ConstraintProxyUpdateReceiver"
189-->[androidx.work:work-runtime:2.7.1] AndroidManifest.xml:123:13-99
190            android:directBootAware="false"
190-->[androidx.work:work-runtime:2.7.1] AndroidManifest.xml:124:13-44
191            android:enabled="@bool/enable_system_alarm_service_default"
191-->[androidx.work:work-runtime:2.7.1] AndroidManifest.xml:125:13-72
192            android:exported="false" >
192-->[androidx.work:work-runtime:2.7.1] AndroidManifest.xml:126:13-37
193            <intent-filter>
193-->[androidx.work:work-runtime:2.7.1] AndroidManifest.xml:128:13-130:29
194                <action android:name="androidx.work.impl.background.systemalarm.UpdateProxies" />
194-->[androidx.work:work-runtime:2.7.1] AndroidManifest.xml:129:17-98
194-->[androidx.work:work-runtime:2.7.1] AndroidManifest.xml:129:25-95
195            </intent-filter>
196        </receiver>
197        <receiver
197-->[androidx.work:work-runtime:2.7.1] AndroidManifest.xml:132:9-142:20
198            android:name="androidx.work.impl.diagnostics.DiagnosticsReceiver"
198-->[androidx.work:work-runtime:2.7.1] AndroidManifest.xml:133:13-78
199            android:directBootAware="false"
199-->[androidx.work:work-runtime:2.7.1] AndroidManifest.xml:134:13-44
200            android:enabled="true"
200-->[androidx.work:work-runtime:2.7.1] AndroidManifest.xml:135:13-35
201            android:exported="true"
201-->[androidx.work:work-runtime:2.7.1] AndroidManifest.xml:136:13-36
202            android:permission="android.permission.DUMP" >
202-->[androidx.work:work-runtime:2.7.1] AndroidManifest.xml:137:13-57
203            <intent-filter>
203-->[androidx.work:work-runtime:2.7.1] AndroidManifest.xml:139:13-141:29
204                <action android:name="androidx.work.diagnostics.REQUEST_DIAGNOSTICS" />
204-->[androidx.work:work-runtime:2.7.1] AndroidManifest.xml:140:17-88
204-->[androidx.work:work-runtime:2.7.1] AndroidManifest.xml:140:25-85
205            </intent-filter>
206        </receiver>
207
208        <service
208-->[androidx.core:core-remoteviews:1.1.0] AndroidManifest.xml:24:9-27:63
209            android:name="androidx.core.widget.RemoteViewsCompatService"
209-->[androidx.core:core-remoteviews:1.1.0] AndroidManifest.xml:25:13-73
210            android:permission="android.permission.BIND_REMOTEVIEWS" />
210-->[androidx.core:core-remoteviews:1.1.0] AndroidManifest.xml:26:13-69
211        <service
211-->[androidx.room:room-runtime:2.6.1] AndroidManifest.xml:24:9-28:63
212            android:name="androidx.room.MultiInstanceInvalidationService"
212-->[androidx.room:room-runtime:2.6.1] AndroidManifest.xml:25:13-74
213            android:directBootAware="true"
213-->[androidx.room:room-runtime:2.6.1] AndroidManifest.xml:26:13-43
214            android:exported="false" />
214-->[androidx.room:room-runtime:2.6.1] AndroidManifest.xml:27:13-37
215
216        <receiver
216-->[androidx.profileinstaller:profileinstaller:1.3.1] AndroidManifest.xml:34:9-52:20
217            android:name="androidx.profileinstaller.ProfileInstallReceiver"
217-->[androidx.profileinstaller:profileinstaller:1.3.1] AndroidManifest.xml:35:13-76
218            android:directBootAware="false"
218-->[androidx.profileinstaller:profileinstaller:1.3.1] AndroidManifest.xml:36:13-44
219            android:enabled="true"
219-->[androidx.profileinstaller:profileinstaller:1.3.1] AndroidManifest.xml:37:13-35
220            android:exported="true"
220-->[androidx.profileinstaller:profileinstaller:1.3.1] AndroidManifest.xml:38:13-36
221            android:permission="android.permission.DUMP" >
221-->[androidx.profileinstaller:profileinstaller:1.3.1] AndroidManifest.xml:39:13-57
222            <intent-filter>
222-->[androidx.profileinstaller:profileinstaller:1.3.1] AndroidManifest.xml:40:13-42:29
223                <action android:name="androidx.profileinstaller.action.INSTALL_PROFILE" />
223-->[androidx.profileinstaller:profileinstaller:1.3.1] AndroidManifest.xml:41:17-91
223-->[androidx.profileinstaller:profileinstaller:1.3.1] AndroidManifest.xml:41:25-88
224            </intent-filter>
225            <intent-filter>
225-->[androidx.profileinstaller:profileinstaller:1.3.1] AndroidManifest.xml:43:13-45:29
226                <action android:name="androidx.profileinstaller.action.SKIP_FILE" />
226-->[androidx.profileinstaller:profileinstaller:1.3.1] AndroidManifest.xml:44:17-85
226-->[androidx.profileinstaller:profileinstaller:1.3.1] AndroidManifest.xml:44:25-82
227            </intent-filter>
228            <intent-filter>
228-->[androidx.profileinstaller:profileinstaller:1.3.1] AndroidManifest.xml:46:13-48:29
229                <action android:name="androidx.profileinstaller.action.SAVE_PROFILE" />
229-->[androidx.profileinstaller:profileinstaller:1.3.1] AndroidManifest.xml:47:17-88
229-->[androidx.profileinstaller:profileinstaller:1.3.1] AndroidManifest.xml:47:25-85
230            </intent-filter>
231            <intent-filter>
231-->[androidx.profileinstaller:profileinstaller:1.3.1] AndroidManifest.xml:49:13-51:29
232                <action android:name="androidx.profileinstaller.action.BENCHMARK_OPERATION" />
232-->[androidx.profileinstaller:profileinstaller:1.3.1] AndroidManifest.xml:50:17-95
232-->[androidx.profileinstaller:profileinstaller:1.3.1] AndroidManifest.xml:50:25-92
233            </intent-filter>
234        </receiver>
235    </application>
236
237</manifest>